Using pre-set license
Built from '2020.3/staging' branch; Version is '2020.3.6f1 (338bb68529b2) revision 3378102'; Using compiler version '192528614'; Build Type 'Release'
OS: 'Windows 10 Pro; OS build 19042.928; Version 2009; 64bit' Language: 'ru' Physical Memory: 32609 MB
BatchMode: 1, IsHumanControllingUs: 0, StartBugReporterOnCrash: 0, Is64bit: 1, IsPro: 0

 COMMAND LINE ARGUMENTS:
C:\Program Files\Unity\Hub\Editor\2020.3.6f1\Editor\Unity.exe
-adb2
-batchMode
-noUpm
-name
AssetImportWorker1
-projectPath
C:/GitHub/Physics/Physics
-logFile
Logs/AssetImportWorker1.log
-srvPort
49935
Successfully changed project path to: C:/GitHub/Physics/Physics
C:/GitHub/Physics/Physics
Using Asset Import Pipeline V2.
Refreshing native plugins compatible for Editor in 97.39 ms, found 1 plugins.
Preloading 0 native plugins for Editor in 0.00 ms.
Initialize engine version: 2020.3.6f1 (338bb68529b2)
[Subsystems] Discovering subsystems at path C:/Program Files/Unity/Hub/Editor/2020.3.6f1/Editor/Data/Resources/UnitySubsystems
[Subsystems] Discovering subsystems at path C:/GitHub/Physics/Physics/Assets
GfxDevice: creating device client; threaded=0
Direct3D:
    Version:  Direct3D 11.0 [level 11.1]
    Renderer: NVIDIA GeForce GTX 1050 Ti (ID=0x1c82)
    Vendor:   
    VRAM:     4018 MB
    Driver:   27.21.14.6627
Shader 'Universal Render Pipeline/Particles/Lit': fallback shader 'Universal Render Pipeline/Particles/SimpleLit' not found
Initialize mono
Mono path[0] = 'C:/Program Files/Unity/Hub/Editor/2020.3.6f1/Editor/Data/Managed'
Mono path[1] = 'C:/Program Files/Unity/Hub/Editor/2020.3.6f1/Editor/Data/MonoBleedingEdge/lib/mono/unityjit'
Mono config path = 'C:/Program Files/Unity/Hub/Editor/2020.3.6f1/Editor/Data/MonoBleedingEdge/etc'
Using monoOptions --debugger-agent=transport=dt_socket,embedding=1,server=y,suspend=n,address=127.0.0.1:56112
Begin MonoManager ReloadAssembly
Registering precompiled unity dll's ...
Register platform support module: C:/Program Files/Unity/Hub/Editor/2020.3.6f1/Editor/Data/PlaybackEngines/WindowsStandaloneSupport/UnityEditor.WindowsStandalone.Extensions.dll
Registered in 0.001922 seconds.
Native extension for WindowsStandalone target not found
Refreshing native plugins compatible for Editor in 107.03 ms, found 1 plugins.
Preloading 0 native plugins for Editor in 0.00 ms.
Mono: successfully reloaded assembly
- Completed reload, in  2.365 seconds
Platform modules already initialized, skipping
Registering precompiled user dll's ...
Registered in 0.003104 seconds.
Begin MonoManager ReloadAssembly
Native extension for WindowsStandalone target not found
Refreshing native plugins compatible for Editor in 106.92 ms, found 1 plugins.
Preloading 0 native plugins for Editor in 0.00 ms.
Mono: successfully reloaded assembly
- Completed reload, in  2.204 seconds
Platform modules already initialized, skipping
========================================================================
Worker process is ready to serve import requests
Shader 'Universal Render Pipeline/Particles/Lit': fallback shader 'Universal Render Pipeline/Particles/SimpleLit' not found
Launched and connected shader compiler UnityShaderCompiler.exe after 0.09 seconds
Refreshing native plugins compatible for Editor in 0.87 ms, found 1 plugins.
Preloading 0 native plugins for Editor in 0.00 ms.
Unloading 3184 Unused Serialized files (Serialized files now loaded: 0)
System memory in use before: 142.9 MB.
System memory in use after: 143.0 MB.

Unloading 26 unused Assets to reduce memory usage. Loaded Objects now: 3632.
Total: 3.105000 ms (FindLiveObjects: 0.350200 ms CreateObjectMapping: 0.182900 ms MarkObjects: 2.393100 ms  DeleteObjects: 0.176800 ms)

========================================================================
Received Import Request.
  path: Assets/Script/Chest.cs
  artifactKey: Guid(6d7153b39ee2584479901787f9f8eb34) Importer(815301076,1909f56bfc062723c751e8b465ee728b)
Start importing Assets/Script/Chest.cs using Guid(6d7153b39ee2584479901787f9f8eb34) Importer(815301076,1909f56bfc062723c751e8b465ee728b)  -> (artifact id: '2e5938cc1a9f706a16a713482f73c4f7') in 0.042986 seconds
  Import took 0.049805 seconds .

========================================================================
Received Prepare
Registering precompiled user dll's ...
Registered in 0.001875 seconds.
Begin MonoManager ReloadAssembly
Native extension for WindowsStandalone target not found
Refreshing native plugins compatible for Editor in 0.86 ms, found 1 plugins.
Preloading 0 native plugins for Editor in 0.00 ms.
Mono: successfully reloaded assembly
- Completed reload, in  1.322 seconds
Platform modules already initialized, skipping
Shader 'Universal Render Pipeline/Particles/Lit': fallback shader 'Universal Render Pipeline/Particles/SimpleLit' not found
Refreshing native plugins compatible for Editor in 1.24 ms, found 1 plugins.
Preloading 0 native plugins for Editor in 0.00 ms.
Unloading 3094 Unused Serialized files (Serialized files now loaded: 0)
System memory in use before: 134.6 MB.
System memory in use after: 134.7 MB.

Unloading 14 unused Assets to reduce memory usage. Loaded Objects now: 3636.
Total: 3.507700 ms (FindLiveObjects: 0.567500 ms CreateObjectMapping: 0.237200 ms MarkObjects: 2.554300 ms  DeleteObjects: 0.147400 ms)

========================================================================
Received Import Request.
  Time since last request: 269.762786 seconds.
  path: Assets/Script/Chest.cs
  artifactKey: Guid(6d7153b39ee2584479901787f9f8eb34) Importer(815301076,1909f56bfc062723c751e8b465ee728b)
Start importing Assets/Script/Chest.cs using Guid(6d7153b39ee2584479901787f9f8eb34) Importer(815301076,1909f56bfc062723c751e8b465ee728b)  -> (artifact id: '064274c23bb9f94c6c8742b8809a9433') in 0.008442 seconds
  Import took 0.015042 seconds .

========================================================================
Received Prepare
Registering precompiled user dll's ...
Registered in 0.001980 seconds.
Begin MonoManager ReloadAssembly
Native extension for WindowsStandalone target not found
Refreshing native plugins compatible for Editor in 0.86 ms, found 1 plugins.
Preloading 0 native plugins for Editor in 0.00 ms.
Mono: successfully reloaded assembly
- Completed reload, in  1.316 seconds
Platform modules already initialized, skipping
Shader 'Universal Render Pipeline/Particles/Lit': fallback shader 'Universal Render Pipeline/Particles/SimpleLit' not found
Refreshing native plugins compatible for Editor in 0.84 ms, found 1 plugins.
Preloading 0 native plugins for Editor in 0.00 ms.
Unloading 3094 Unused Serialized files (Serialized files now loaded: 0)
System memory in use before: 134.7 MB.
System memory in use after: 134.8 MB.

Unloading 14 unused Assets to reduce memory usage. Loaded Objects now: 3640.
Total: 3.041300 ms (FindLiveObjects: 0.288600 ms CreateObjectMapping: 0.173100 ms MarkObjects: 2.442200 ms  DeleteObjects: 0.136100 ms)

========================================================================
Received Prepare
Registering precompiled user dll's ...
Registered in 0.001996 seconds.
Begin MonoManager ReloadAssembly
Native extension for WindowsStandalone target not found
Refreshing native plugins compatible for Editor in 0.84 ms, found 1 plugins.
Preloading 0 native plugins for Editor in 0.00 ms.
Mono: successfully reloaded assembly
- Completed reload, in  1.223 seconds
Platform modules already initialized, skipping
Shader 'Universal Render Pipeline/Particles/Lit': fallback shader 'Universal Render Pipeline/Particles/SimpleLit' not found
Refreshing native plugins compatible for Editor in 0.85 ms, found 1 plugins.
Preloading 0 native plugins for Editor in 0.00 ms.
Unloading 3094 Unused Serialized files (Serialized files now loaded: 0)
System memory in use before: 134.7 MB.
System memory in use after: 134.8 MB.

Unloading 14 unused Assets to reduce memory usage. Loaded Objects now: 3644.
Total: 3.058300 ms (FindLiveObjects: 0.382200 ms CreateObjectMapping: 0.172000 ms MarkObjects: 2.367200 ms  DeleteObjects: 0.135200 ms)

========================================================================
Received Import Request.
  Time since last request: 113.408672 seconds.
  path: Assets/Prefabs/Apple.prefab
  artifactKey: Guid(931fdc563e2da53458f59dccd3954a87) Importer(815301076,1909f56bfc062723c751e8b465ee728b)
Start importing Assets/Prefabs/Apple.prefab using Guid(931fdc563e2da53458f59dccd3954a87) Importer(815301076,1909f56bfc062723c751e8b465ee728b)  -> (artifact id: '0ed302e8262a0febdd6de841f58faa29') in 0.181113 seconds
  Import took 0.194377 seconds .

========================================================================
Received Import Request.
  Time since last request: 0.038412 seconds.
  path: Assets/Prefabs/Apple.prefab
  artifactKey: Guid(931fdc563e2da53458f59dccd3954a87) Importer(815301076,1909f56bfc062723c751e8b465ee728b)
Start importing Assets/Prefabs/Apple.prefab using Guid(931fdc563e2da53458f59dccd3954a87) Importer(815301076,1909f56bfc062723c751e8b465ee728b)  -> (artifact id: '0ed302e8262a0febdd6de841f58faa29') in 0.017514 seconds
  Import took 0.027059 seconds .

========================================================================
Received Prepare
Registering precompiled user dll's ...
Registered in 0.002277 seconds.
Begin MonoManager ReloadAssembly
Native extension for WindowsStandalone target not found
Refreshing native plugins compatible for Editor in 0.83 ms, found 1 plugins.
Preloading 0 native plugins for Editor in 0.00 ms.
Mono: successfully reloaded assembly
- Completed reload, in  1.387 seconds
Platform modules already initialized, skipping
Shader 'Universal Render Pipeline/Particles/Lit': fallback shader 'Universal Render Pipeline/Particles/SimpleLit' not found
Refreshing native plugins compatible for Editor in 0.87 ms, found 1 plugins.
Preloading 0 native plugins for Editor in 0.00 ms.
Unloading 3094 Unused Serialized files (Serialized files now loaded: 0)
System memory in use before: 137.7 MB.
System memory in use after: 137.8 MB.

Unloading 14 unused Assets to reduce memory usage. Loaded Objects now: 3655.
Total: 5.422800 ms (FindLiveObjects: 0.340600 ms CreateObjectMapping: 0.217700 ms MarkObjects: 4.669000 ms  DeleteObjects: 0.194200 ms)

AssetImportWorkerClient::OnTransportError - code=2 error=End of file
